0 info it worked if it ends with ok
1 verbose cli [ '/usr/bin/node',
1 verbose cli   '/usr/bin/npm',
1 verbose cli   'install',
1 verbose cli   '-g',
1 verbose cli   'bower',
1 verbose cli   'grunt-cli' ]
2 info using npm@1.4.28
3 info using node@v0.10.37
4 verbose node symlink /usr/bin/node
5 verbose cache add [ 'bower', null ]
6 verbose cache add name=undefined spec="bower" args=["bower",null]
7 verbose parsed url { protocol: null,
7 verbose parsed url   slashes: null,
7 verbose parsed url   auth: null,
7 verbose parsed url   host: null,
7 verbose parsed url   port: null,
7 verbose parsed url   hostname: null,
7 verbose parsed url   hash: null,
7 verbose parsed url   search: null,
7 verbose parsed url   query: null,
7 verbose parsed url   pathname: 'bower',
7 verbose parsed url   path: 'bower',
7 verbose parsed url   href: 'bower' }
8 verbose cache add [ 'grunt-cli', null ]
9 verbose cache add name=undefined spec="grunt-cli" args=["grunt-cli",null]
10 verbose parsed url { protocol: null,
10 verbose parsed url   slashes: null,
10 verbose parsed url   auth: null,
10 verbose parsed url   host: null,
10 verbose parsed url   port: null,
10 verbose parsed url   hostname: null,
10 verbose parsed url   hash: null,
10 verbose parsed url   search: null,
10 verbose parsed url   query: null,
10 verbose parsed url   pathname: 'grunt-cli',
10 verbose parsed url   path: 'grunt-cli',
10 verbose parsed url   href: 'grunt-cli' }
11 silly lockFile 206e3ce5-bower bower
12 verbose lock bower /home/aman/.npm/206e3ce5-bower.lock
13 silly lockFile 671ef8ac-grunt-cli grunt-cli
14 verbose lock grunt-cli /home/aman/.npm/671ef8ac-grunt-cli.lock
15 silly lockFile 206e3ce5-bower bower
16 silly lockFile 206e3ce5-bower bower
17 silly lockFile 671ef8ac-grunt-cli grunt-cli
18 silly lockFile 671ef8ac-grunt-cli grunt-cli
19 verbose addNamed [ 'bower', '' ]
20 verbose addNamed [ null, '*' ]
21 silly lockFile 1240aab1-bower bower@
22 verbose lock bower@ /home/aman/.npm/1240aab1-bower.lock
23 verbose addNamed [ 'grunt-cli', '' ]
24 verbose addNamed [ null, '*' ]
25 silly lockFile d63f3d0b-grunt-cli grunt-cli@
26 verbose lock grunt-cli@ /home/aman/.npm/d63f3d0b-grunt-cli.lock
27 silly addNameRange { name: 'bower', range: '*', hasData: false }
28 silly addNameRange { name: 'grunt-cli', range: '*', hasData: false }
29 verbose request where is /bower
30 verbose request registry https://registry.npmjs.org/
31 verbose request id d60067e9af136db3
32 verbose url raw /bower
33 verbose url resolving [ 'https://registry.npmjs.org/', './bower' ]
34 verbose url resolved https://registry.npmjs.org/bower
35 verbose request where is https://registry.npmjs.org/bower
36 info trying registry request attempt 1 at 14:29:53
37 verbose etag "61SU3DZUOC8CNSSLZ37G52I03"
38 http GET https://registry.npmjs.org/bower
39 verbose request where is /grunt-cli
40 verbose request registry https://registry.npmjs.org/
41 verbose url raw /grunt-cli
42 verbose url resolving [ 'https://registry.npmjs.org/', './grunt-cli' ]
43 verbose url resolved https://registry.npmjs.org/grunt-cli
44 verbose request where is https://registry.npmjs.org/grunt-cli
45 info trying registry request attempt 1 at 14:29:53
46 http GET https://registry.npmjs.org/grunt-cli
47 http 304 https://registry.npmjs.org/bower
48 silly registry.get cb [ 304,
48 silly registry.get   { date: 'Wed, 23 Dec 2015 08:59:56 GMT',
48 silly registry.get     via: '1.1 varnish',
48 silly registry.get     'cache-control': 'max-age=300',
48 silly registry.get     etag: '"61SU3DZUOC8CNSSLZ37G52I03"',
48 silly registry.get     age: '103',
48 silly registry.get     connection: 'keep-alive',
48 silly registry.get     'x-served-by': 'cache-sin6920-SIN',
48 silly registry.get     'x-cache': 'HIT',
48 silly registry.get     'x-cache-hits': '4',
48 silly registry.get     'x-timer': 'S1450861196.696474,VS0,VE0',
48 silly registry.get     vary: 'Accept' } ]
49 verbose etag https://registry.npmjs.org/bower from cache
50 silly addNameRange number 2 { name: 'bower', range: '*', hasData: true }
51 silly addNameRange versions [ 'bower',
51 silly addNameRange   [ '0.1.0',
51 silly addNameRange     '0.1.2',
51 silly addNameRange     '0.1.3',
51 silly addNameRange     '0.2.0',
51 silly addNameRange     '0.3.0',
51 silly addNameRange     '0.3.1',
51 silly addNameRange     '0.3.2',
51 silly addNameRange     '0.4.0',
51 silly addNameRange     '0.5.0',
51 silly addNameRange     '0.5.1',
51 silly addNameRange     '0.6.0',
51 silly addNameRange     '0.6.1',
51 silly addNameRange     '0.6.2',
51 silly addNameRange     '0.6.3',
51 silly addNameRange     '0.6.4',
51 silly addNameRange     '0.6.5',
51 silly addNameRange     '0.6.6',
51 silly addNameRange     '0.6.7',
51 silly addNameRange     '0.6.8',
51 silly addNameRange     '0.7.0',
51 silly addNameRange     '0.7.1',
51 silly addNameRange     '0.8.0',
51 silly addNameRange     '0.8.1',
51 silly addNameRange     '0.8.2',
51 silly addNameRange     '0.8.3',
51 silly addNameRange     '0.8.4',
51 silly addNameRange     '0.8.5',
51 silly addNameRange     '0.8.6',
51 silly addNameRange     '0.9.0',
51 silly addNameRange     '0.9.1',
51 silly addNameRange     '0.9.2',
51 silly addNameRange     '0.10.0',
51 silly addNameRange     '1.0.0',
51 silly addNameRange     '1.0.1',
51 silly addNameRange     '1.0.2',
51 silly addNameRange     '1.0.3',
51 silly addNameRange     '1.1.0',
51 silly addNameRange     '1.1.1',
51 silly addNameRange     '1.1.2',
51 silly addNameRange     '1.2.0',
51 silly addNameRange     '1.2.1',
51 silly addNameRange     '1.2.2',
51 silly addNameRange     '1.2.3',
51 silly addNameRange     '1.2.4',
51 silly addNameRange     '1.2.5',
51 silly addNameRange     '1.2.6',
51 silly addNameRange     '1.2.7',
51 silly addNameRange     '1.2.8',
51 silly addNameRange     '1.3.0',
51 silly addNameRange     '1.3.1',
51 silly addNameRange     '1.3.2',
51 silly addNameRange     '1.3.3',
51 silly addNameRange     '1.3.4',
51 silly addNameRange     '1.3.5',
51 silly addNameRange     '1.3.6',
51 silly addNameRange     '1.3.7',
51 silly addNameRange     '1.3.8',
51 silly addNameRange     '1.3.9',
51 silly addNameRange     '1.3.10',
51 silly addNameRange     '1.3.11',
51 silly addNameRange     '1.3.12',
51 silly addNameRange     '1.4.0',
51 silly addNameRange     '1.4.1',
51 silly addNameRange     '1.5.0',
51 silly addNameRange     '1.5.1',
51 silly addNameRange     '1.5.2',
51 silly addNameRange     '1.5.3',
51 silly addNameRange     '1.6.2',
51 silly addNameRange     '1.6.3',
51 silly addNameRange     '1.6.4',
51 silly addNameRange     '1.6.5',
51 silly addNameRange     '1.5.4',
51 silly addNameRange     '1.4.2',
51 silly addNameRange     '1.6.6',
51 silly addNameRange     '1.6.7',
51 silly addNameRange     '1.6.8',
51 silly addNameRange     '1.6.9',
51 silly addNameRange     '1.7.0',
51 silly addNameRange     '1.7.1' ] ]
52 verbose addNamed [ 'bower', '1.7.1' ]
53 verbose addNamed [ '1.7.1', '1.7.1' ]
54 silly lockFile b7a8e63b-bower-1-7-1 bower@1.7.1
55 verbose lock bower@1.7.1 /home/aman/.npm/b7a8e63b-bower-1-7-1.lock
56 silly lockFile b7a8e63b-bower-1-7-1 bower@1.7.1
57 silly lockFile b7a8e63b-bower-1-7-1 bower@1.7.1
58 silly lockFile 1240aab1-bower bower@
59 silly lockFile 1240aab1-bower bower@
60 http 200 https://registry.npmjs.org/grunt-cli
61 silly registry.get cb [ 200,
61 silly registry.get   { server: 'CouchDB/1.5.0 (Erlang OTP/R16B03)',
61 silly registry.get     etag: '"9FVAZTYZ7K5ZX5I7RQBQL2F6M"',
61 silly registry.get     'content-type': 'application/json',
61 silly registry.get     'cache-control': 'max-age=300',
61 silly registry.get     'content-length': '22027',
61 silly registry.get     'accept-ranges': 'bytes',
61 silly registry.get     date: 'Wed, 23 Dec 2015 08:59:56 GMT',
61 silly registry.get     via: '1.1 varnish',
61 silly registry.get     age: '168',
61 silly registry.get     connection: 'keep-alive',
61 silly registry.get     'x-served-by': 'cache-sin6925-SIN',
61 silly registry.get     'x-cache': 'HIT',
61 silly registry.get     'x-cache-hits': '45',
61 silly registry.get     'x-timer': 'S1450861196.846575,VS0,VE0',
61 silly registry.get     vary: 'Accept' } ]
62 silly addNameRange number 2 { name: 'grunt-cli', range: '*', hasData: true }
63 silly addNameRange versions [ 'grunt-cli',
63 silly addNameRange   [ '0.1.0',
63 silly addNameRange     '0.1.1',
63 silly addNameRange     '0.1.2',
63 silly addNameRange     '0.1.3',
63 silly addNameRange     '0.1.4',
63 silly addNameRange     '0.1.5',
63 silly addNameRange     '0.1.6',
63 silly addNameRange     '0.1.7',
63 silly addNameRange     '0.1.8',
63 silly addNameRange     '0.1.9',
63 silly addNameRange     '0.1.10',
63 silly addNameRange     '0.1.11',
63 silly addNameRange     '0.1.12',
63 silly addNameRange     '0.1.13' ] ]
64 verbose addNamed [ 'grunt-cli', '0.1.13' ]
65 verbose addNamed [ '0.1.13', '0.1.13' ]
66 silly lockFile 28997503-grunt-cli-0-1-13 grunt-cli@0.1.13
67 verbose lock grunt-cli@0.1.13 /home/aman/.npm/28997503-grunt-cli-0-1-13.lock
68 silly lockFile ab76c46e-g-grunt-cli-grunt-cli-0-1-13-tgz https://registry.npmjs.org/grunt-cli/-/grunt-cli-0.1.13.tgz
69 verbose lock https://registry.npmjs.org/grunt-cli/-/grunt-cli-0.1.13.tgz /home/aman/.npm/ab76c46e-g-grunt-cli-grunt-cli-0-1-13-tgz.lock
70 verbose addRemoteTarball [ 'https://registry.npmjs.org/grunt-cli/-/grunt-cli-0.1.13.tgz',
70 verbose addRemoteTarball   'e9ebc4047631f5012d922770c39378133cad10f4' ]
71 info retry fetch attempt 1 at 14:29:57
72 verbose fetch to= /tmp/npm-7089-v5niI_5b/registry.npmjs.org/grunt-cli/-/grunt-cli-0.1.13.tgz
73 http GET https://registry.npmjs.org/grunt-cli/-/grunt-cli-0.1.13.tgz
74 http 200 https://registry.npmjs.org/grunt-cli/-/grunt-cli-0.1.13.tgz
75 silly lockFile ab76c46e-g-grunt-cli-grunt-cli-0-1-13-tgz https://registry.npmjs.org/grunt-cli/-/grunt-cli-0.1.13.tgz
76 silly lockFile ab76c46e-g-grunt-cli-grunt-cli-0-1-13-tgz https://registry.npmjs.org/grunt-cli/-/grunt-cli-0.1.13.tgz
77 silly lockFile 28997503-grunt-cli-0-1-13 grunt-cli@0.1.13
78 silly lockFile 28997503-grunt-cli-0-1-13 grunt-cli@0.1.13
79 silly lockFile d63f3d0b-grunt-cli grunt-cli@
80 silly lockFile d63f3d0b-grunt-cli grunt-cli@
81 silly resolved [ { name: 'bower',
81 silly resolved     version: '1.7.1',
81 silly resolved     description: 'The browser package manager',
81 silly resolved     author: { name: 'Twitter' },
81 silly resolved     license: 'MIT',
81 silly resolved     repository: { type: 'git', url: 'git+https://github.com/bower/bower.git' },
81 silly resolved     main: 'lib',
81 silly resolved     homepage: 'http://bower.io',
81 silly resolved     engines: { node: '>=0.10.0' },
81 silly resolved     keywords: [ 'bower' ],
81 silly resolved     dependencies:
81 silly resolved      { abbrev: '^1.0.5',
81 silly resolved        archy: '1.0.0',
81 silly resolved        'bower-config': '^1.3.0',
81 silly resolved        'bower-endpoint-parser': '^0.2.2',
81 silly resolved        'bower-json': '^0.4.0',
81 silly resolved        'bower-logger': '^0.2.2',
81 silly resolved        'bower-registry-client': '^1.0.0',
81 silly resolved        cardinal: '0.4.4',
81 silly resolved        chalk: '^1.0.0',
81 silly resolved        chmodr: '^1.0.2',
81 silly resolved        configstore: '^0.3.2',
81 silly resolved        'decompress-zip': '^0.1.0',
81 silly resolved        destroy: '^1.0.3',
81 silly resolved        'fs-write-stream-atomic': '^1.0.5',
81 silly resolved        fstream: '^1.0.3',
81 silly resolved        'fstream-ignore': '^1.0.2',
81 silly resolved        github: '^0.2.3',
81 silly resolved        glob: '^4.3.2',
81 silly resolved        'graceful-fs': '^3.0.5',
81 silly resolved        handlebars: '^2.0.0',
81 silly resolved        inquirer: '0.10.0',
81 silly resolved        insight: '^0.7.0',
81 silly resolved        'is-root': '^1.0.0',
81 silly resolved        junk: '^1.0.0',
81 silly resolved        lockfile: '^1.0.0',
81 silly resolved        'lru-cache': '^2.5.0',
81 silly resolved        'md5-hex': '^1.0.2',
81 silly resolved        mkdirp: '0.5.0',
81 silly resolved        mout: '^0.11.0',
81 silly resolved        nopt: '^3.0.1',
81 silly resolved        opn: '^1.0.1',
81 silly resolved        'p-throttler': '0.1.1',
81 silly resolved        promptly: '0.2.0',
81 silly resolved        q: '^1.1.2',
81 silly resolved        request: '2.53.0',
81 silly resolved        'request-progress': '0.3.1',
81 silly resolved        retry: '0.6.1',
81 silly resolved        rimraf: '^2.2.8',
81 silly resolved        semver: '^2.3.0',
81 silly resolved        'semver-utils': '^1.1.1',
81 silly resolved        'shell-quote': '^1.4.2',
81 silly resolved        'stringify-object': '^1.0.0',
81 silly resolved        'tar-fs': '^1.4.1',
81 silly resolved        tmp: '0.0.24',
81 silly resolved        'update-notifier': '^0.6.0',
81 silly resolved        'user-home': '^1.1.0',
81 silly resolved        which: '^1.0.8' },
81 silly resolved     devDependencies:
81 silly resolved      { chai: '^1.10.0',
81 silly resolved        coveralls: '^2.11.2',
81 silly resolved        'expect.js': '^0.3.1',
81 silly resolved        grunt: '^0.4.5',
81 silly resolved        'grunt-cli': '^0.1.13',
81 silly resolved        'grunt-contrib-jshint': '^0.10.0',
81 silly resolved        'grunt-contrib-watch': '^0.6.1',
81 silly resolved        'grunt-exec': '^0.4.6',
81 silly resolved        'grunt-jscs': '^2.3.0',
81 silly resolved        'grunt-simple-mocha': '^0.4.0',
81 silly resolved        istanbul: '^0.3.5',
81 silly resolved        'load-grunt-tasks': '^2.0.0',
81 silly resolved        mocha: '^2.1.0',
81 silly resolved        multiline: '^1.0.2',
81 silly resolved        nock: '^3.1.0',
81 silly resolved        'node-uuid': '^1.4.2',
81 silly resolved        proxyquire: '^1.3.0',
81 silly resolved        'spawn-sync': '1.0.13' },
81 silly resolved     scripts:
81 silly resolved      { test: 'grunt test',
81 silly resolved        ci: 'grunt travis',
81 silly resolved        coveralls: 'coveralls' },
81 silly resolved     bin: { bower: 'bin/bower' },
81 silly resolved     files: [ 'bin', 'lib', 'templates' ],
81 silly resolved     gitHead: 'e168c894a2a810b2e89c21320914029193a82c42',
81 silly resolved     bugs: { url: 'https://github.com/bower/bower/issues' },
81 silly resolved     bundleDependencies:
81 silly resolved      [ 'abbrev',
81 silly resolved        'archy',
81 silly resolved        'bower-config',
81 silly resolved        'bower-endpoint-parser',
81 silly resolved        'bower-json',
81 silly resolved        'bower-logger',
81 silly resolved        'bower-registry-client',
81 silly resolved        'cardinal',
81 silly resolved        'chalk',
81 silly resolved        'chmodr',
81 silly resolved        'configstore',
81 silly resolved        'decompress-zip',
81 silly resolved        'destroy',
81 silly resolved        'fs-write-stream-atomic',
81 silly resolved        'fstream',
81 silly resolved        'fstream-ignore',
81 silly resolved        'github',
81 silly resolved        'glob',
81 silly resolved        'graceful-fs',
81 silly resolved        'handlebars',
81 silly resolved        'inquirer',
81 silly resolved        'insight',
81 silly resolved        'is-root',
81 silly resolved        'junk',
81 silly resolved        'lockfile',
81 silly resolved        'lru-cache',
81 silly resolved        'md5-hex',
81 silly resolved        'mkdirp',
81 silly resolved        'mout',
81 silly resolved        'nopt',
81 silly resolved        'opn',
81 silly resolved        'p-throttler',
81 silly resolved        'promptly',
81 silly resolved        'q',
81 silly resolved        'request',
81 silly resolved        'request-progress',
81 silly resolved        'retry',
81 silly resolved        'rimraf',
81 silly resolved        'semver',
81 silly resolved        'shell-quote',
81 silly resolved        'stringify-object',
81 silly resolved        'tar-fs',
81 silly resolved        'tmp',
81 silly resolved        'update-notifier',
81 silly resolved        'user-home',
81 silly resolved        'which' ],
81 silly resolved     _id: 'bower@1.7.1',
81 silly resolved     _shasum: '8d0c1a31d85237b3629fd2af981bd11e1b1dca82',
81 silly resolved     _from: 'bower@',
81 silly resolved     _npmVersion: '2.14.4',
81 silly resolved     _nodeVersion: '4.1.1',
81 silly resolved     _npmUser: { name: 'sheerun', email: 'sheerun@sher.pl' },
81 silly resolved     dist:
81 silly resolved      { shasum: '8d0c1a31d85237b3629fd2af981bd11e1b1dca82',
81 silly resolved        tarball: 'http://registry.npmjs.org/bower/-/bower-1.7.1.tgz' },
81 silly resolved     maintainers:
81 silly resolved      [ [Object],
81 silly resolved        [Object],
81 silly resolved        [Object],
81 silly resolved        [Object],
81 silly resolved        [Object],
81 silly resolved        [Object],
81 silly resolved        [Object] ],
81 silly resolved     directories: {},
81 silly resolved     _resolved: 'https://registry.npmjs.org/bower/-/bower-1.7.1.tgz',
81 silly resolved     readme: 'ERROR: No README data found!' },
81 silly resolved   { name: 'grunt-cli',
81 silly resolved     description: 'The grunt command line interface.',
81 silly resolved     version: '0.1.13',
81 silly resolved     author: { name: 'Grunt Team' },
81 silly resolved     homepage: 'http://gruntjs.com/',
81 silly resolved     repository: { type: 'git', url: 'git://github.com/gruntjs/grunt-cli.git' },
81 silly resolved     bugs: { url: 'http://github.com/gruntjs/grunt-cli/issues' },
81 silly resolved     licenses: [ [Object] ],
81 silly resolved     bin: { grunt: 'bin/grunt' },
81 silly resolved     engines: { node: '>= 0.8.0' },
81 silly resolved     scripts: { test: 'node bin/grunt test' },
81 silly resolved     preferGlobal: true,
81 silly resolved     dependencies: { nopt: '~1.0.10', 'findup-sync': '~0.1.0', resolve: '~0.3.1' },
81 silly resolved     devDependencies: { grunt: '~0.4.0', 'grunt-contrib-jshint': '~0.2.0' },
81 silly resolved     contributors: [ [Object], [Object], [Object], [Object] ],
81 silly resolved     _id: 'grunt-cli@0.1.13',
81 silly resolved     dist:
81 silly resolved      { shasum: 'e9ebc4047631f5012d922770c39378133cad10f4',
81 silly resolved        tarball: 'http://registry.npmjs.org/grunt-cli/-/grunt-cli-0.1.13.tgz' },
81 silly resolved     _from: 'grunt-cli@',
81 silly resolved     _npmVersion: '1.3.24',
81 silly resolved     _npmUser: { name: 'tkellen', email: 'tyler@sleekcode.net' },
81 silly resolved     maintainers: [ [Object] ],
81 silly resolved     directories: {},
81 silly resolved     _shasum: 'e9ebc4047631f5012d922770c39378133cad10f4',
81 silly resolved     _resolved: 'https://registry.npmjs.org/grunt-cli/-/grunt-cli-0.1.13.tgz' } ]
82 info install bower@1.7.1 into /usr/lib
83 info install grunt-cli@0.1.13 into /usr/lib
84 info installOne bower@1.7.1
85 info installOne grunt-cli@0.1.13
86 verbose lib/node_modules/grunt-cli unbuild
87 verbose lib/node_modules/bower unbuild
88 verbose tar unpack /home/aman/.npm/grunt-cli/0.1.13/package.tgz
89 silly lockFile 2107e595-r-usr-lib-node-modules-grunt-cli tar:///usr/lib/node_modules/grunt-cli
90 verbose lock tar:///usr/lib/node_modules/grunt-cli /home/aman/.npm/2107e595-r-usr-lib-node-modules-grunt-cli.lock
91 silly lockFile 5ff381a0-npm-grunt-cli-0-1-13-package-tgz tar:///home/aman/.npm/grunt-cli/0.1.13/package.tgz
92 verbose lock tar:///home/aman/.npm/grunt-cli/0.1.13/package.tgz /home/aman/.npm/5ff381a0-npm-grunt-cli-0-1-13-package-tgz.lock
93 silly gunzTarPerm modes [ '775', '664' ]
94 error Error: EACCES, mkdir '/usr/lib/node_modules/grunt-cli'
94 error  { [Error: EACCES, mkdir '/usr/lib/node_modules/grunt-cli']
94 error   errno: 3,
94 error   code: 'EACCES',
94 error   path: '/usr/lib/node_modules/grunt-cli',
94 error   fstream_type: 'Directory',
94 error   fstream_path: '/usr/lib/node_modules/grunt-cli',
94 error   fstream_class: 'DirWriter',
94 error   fstream_stack:
94 error    [ '/usr/lib/node_modules/npm/node_modules/fstream/lib/dir-writer.js:36:23',
94 error      '/usr/lib/node_modules/npm/node_modules/mkdirp/index.js:46:53',
94 error      'Object.oncomplete (fs.js:108:15)' ] }
95 error Please try running this command again as root/Administrator.
96 error System Linux 3.13.0-49-generic
97 error command "/usr/bin/node" "/usr/bin/npm" "install" "-g" "bower" "grunt-cli"
98 error cwd /home/aman/Desktop/codes/repos/Rust
99 error node -v v0.10.37
100 error npm -v 1.4.28
101 error path /usr/lib/node_modules/grunt-cli
102 error fstream_path /usr/lib/node_modules/grunt-cli
103 error fstream_type Directory
104 error fstream_class DirWriter
105 error code EACCES
106 error errno 3
107 error stack Error: EACCES, mkdir '/usr/lib/node_modules/grunt-cli'
108 error fstream_stack /usr/lib/node_modules/npm/node_modules/fstream/lib/dir-writer.js:36:23
108 error fstream_stack /usr/lib/node_modules/npm/node_modules/mkdirp/index.js:46:53
108 error fstream_stack Object.oncomplete (fs.js:108:15)
109 verbose exit [ 3, true ]
